{
  "RSpec": {
    "coverage": {
      "/home/databases/app/models/access_plain_text.rb": [
        1,
        1,
        null,
        null,
        1,
        null,
        null,
        null,
        null
      ],
      "/home/databases/app/models/application_record.rb": [
        1,
        1,
        null
      ],
      "/home/databases/app/models/access_type.rb": [
        1,
        null,
        1,
        null,
        null,
        null,
        null
      ],
      "/home/databases/app/models/database_resource.rb": [
        1,
        null,
        1,
        null,
        null,
        1,
        1,
        null
      ],
      "/home/databases/app/models/database.rb": [
        1,
        null,
        1,
        null,
        null,
        1,
        null,
        null,
        null,
        1,
        null,
        null,
        null,
        1,
        null,
        null,
        1,
        null,
        null,
        null,
        1,
        null,
        null,
        null,
        1,
        1,
        null,
        null,
        null,
        1,
        1,
        1,
        1,
        null,
        null,
        1,
        1,
        null,
        1,
        null,
        null,
        null,
        1,
        1,
        1,
        null,
        null,
        1,
        1,
        null,
        null,
        1,
        1,
        null,
        null,
        1,
        1,
        null,
        null,
        4,
        2,
        2,
        5,
        1,
        null,
        null,
        1,
        null,
        null,
        1,
        null,
        null,
        null,
        null,
        null,
        null,
        1,
        6,
        6,
        null,
        null,
        null,
        null,
        null,
        null,
        null,
        1,
        12,
        25,
        12,
        null,
        null,
        null,
        null,
        null,
        null,
        null,
        1,
        4,
        13,
        4,
        null,
        null,
        null,
        null,
        null,
        null,
        null,
        1,
        3,
        null,
        null,
        null,
        null,
        null,
        null,
        null,
        null,
        1,
        1,
        1,
        null,
        1,
        1,
        24,
        null,
        null,
        null,
        null,
        1,
        null,
        null,
        null,
        null,
        null,
        null,
        1,
        49,
        null,
        null,
        null,
        null,
        null,
        null,
        null,
        1,
        52,
        52,
        null,
        null,
        null
      ],
      "/home/databases/app/models/database_subject.rb": [
        1,
        null,
        1,
        null,
        null,
        1,
        1,
        null
      ],
      "/home/databases/app/models/resource.rb": [
        1,
        1,
        null,
        null,
        1,
        null,
        null,
        null,
        null,
        1,
        1,
        null
      ],
      "/home/databases/app/models/subject.rb": [
        1,
        null,
        1,
        null,
        null,
        null,
        null,
        1,
        null,
        null,
        1,
        1,
        null
      ],
      "/home/databases/app/models/vendor.rb": [
        1,
        null,
        1,
        null,
        null,
        null,
        null,
        1,
        null,
        null,
        1,
        null
      ],
      "/home/databases/app/controllers/admin/databases_controller.rb": [
        1,
        1,
        null,
        null,
        null,
        null,
        1,
        1,
        null,
        null,
        null,
        null,
        null,
        null,
        1,
        1,
        1,
        null,
        null,
        null,
        null,
        1,
        0,
        null,
        null,
        null,
        null,
        null,
        null,
        0,
        null,
        null,
        null,
        null,
        null,
        1,
        null,
        null,
        null,
        1,
        0,
        null,
        null,
        null,
        1,
        null,
        null,
        null,
        null,
        1,
        0,
        null,
        0,
        0,
        0,
        0,
        null,
        0,
        0,
        null,
        null,
        null,
        null,
        null,
        null,
        1,
        0,
        0,
        0,
        0,
        null,
        0,
        0,
        null,
        null,
        null,
        null,
        null,
        null,
        1,
        0,
        0,
        0,
        0,
        null,
        null,
        null,
        1,
        null,
        1,
        0,
        null,
        null,
        null,
        1,
        0,
        null,
        null
      ],
      "/home/databases/app/controllers/application_controller.rb": [
        1,
        null,
        1,
        1,
        null
      ],
      "/home/databases/app/models/database_curated.rb": [
        1,
        null,
        1,
        null,
        null,
        1,
        1,
        null
      ]
    },
    "timestamp": 1546223934
  }
}
